<?xml version="1.0" encoding="UTF-8"?>
<testng-results skipped="0" failed="0" ignored="0" total="1" passed="1">
  <reporter-output>
  </reporter-output>
  <suite name="Default suite" duration-ms="10927" started-at="2017-10-28T13:40:18Z" finished-at="2017-10-28T13:40:29Z">
    <groups>
    </groups>
    <test name="Default test" duration-ms="10927" started-at="2017-10-28T13:40:18Z" finished-at="2017-10-28T13:40:29Z">
      <class name="test.DemoProject.packege.HomePage.TC0001_VarifyLoginWithValidCredential">
        <test-method status="PASS" signature="setUp()[pri:0, instance:test.DemoProject.packege.HomePage.TC0001_VarifyLoginWithValidCredential@47c62251]" name="setUp" is-config="true" duration-ms="8012" started-at="2017-10-28T09:40:18Z" finished-at="2017-10-28T09:40:26Z">
          <reporter-output>
          </reporter-output>
        </test-method> <!-- setUp -->
        <test-method status="PASS" signature="VarifyWithValidCredential()[pri:0, instance:test.DemoProject.packege.HomePage.TC0001_VarifyLoginWithValidCredential@47c62251]" name="VarifyWithValidCredential" duration-ms="2669" started-at="2017-10-28T09:40:26Z" finished-at="2017-10-28T09:40:29Z">
          <reporter-output>
          </reporter-output>
        </test-method> <!-- VarifyWithValidCredential -->
        <test-method status="PASS" signature="endTest()[pri:0, instance:test.DemoProject.packege.HomePage.TC0001_VarifyLoginWithValidCredential@47c62251]" name="endTest" is-config="true" duration-ms="216" started-at="2017-10-28T09:40:29Z" finished-at="2017-10-28T09:40:29Z">
          <reporter-output>
          </reporter-output>
        </test-method> <!-- endTest -->
      </class> <!-- test.DemoProject.packege.HomePage.TC0001_VarifyLoginWithValidCredential -->
    </test> <!-- Default test -->
  </suite> <!-- Default suite -->
</testng-results>
